{
  "RSpec": {
    "coverage": {
      "/home/sindhuja.g/BOOK_REVIEW/book_review/app/controllers/application_controller.rb": {
        "lines": [
          1,
          null,
          1,
          null,
          1,
          null,
          1,
          null,
          null,
          1,
          0,
          null,
          null,
          1,
          0,
          null,
          null,
          1,
          null,
          1,
          0,
          0,
          null,
          null,
          null,
          null,
          1,
          0,
          null,
          null,
          null,
          null,
          null,
          1,
          null,
          1,
          0,
          null,
          null,
          null
        ]
      },
      "/home/sindhuja.g/BOOK_REVIEW/book_review/app/helpers/users/omniauth_callbacks_helper.rb": {
        "lines": [
          1,
          null
        ]
      },
      "/home/sindhuja.g/BOOK_REVIEW/book_review/app/models/admin_user.rb": {
        "lines": [
          1,
          null,
          null,
          1,
          null,
          null,
          1,
          0,
          null,
          null
        ]
      },
      "/home/sindhuja.g/BOOK_REVIEW/book_review/app/models/application_record.rb": {
        "lines": [
          1,
          1,
          null
        ]
      },
      "/home/sindhuja.g/BOOK_REVIEW/book_review/app/admin/admin_users.rb": {
        "lines": [
          1,
          1,
          1,
          null,
          null,
          1,
          1,
          1,
          1,
          null,
          1,
          0,
          0,
          0,
          0,
          null,
          0,
          null,
          null,
          null,
          null,
          null
        ]
      },
      "/home/sindhuja.g/BOOK_REVIEW/book_review/app/admin/books.rb": {
        "lines": [
          1,
          1,
          null,
          null,
          1,
          0,
          0,
          null,
          null,
          null,
          null,
          null,
          null,
          null,
          0,
          null,
          null,
          0,
          null,
          null,
          null,
          1,
          0,
          null,
          null,
          null,
          null,
          1,
          0,
          0,
          0,
          0,
          0,
          0,
          0,
          null,
          null,
          1,
          1,
          1,
          null,
          null,
          1,
          0,
          0,
          0,
          0,
          0,
          null,
          0,
          null,
          null,
          1,
          1,
          null,
          1,
          0,
          0,
          0,
          0,
          0,
          null,
          0,
          null,
          null
        ]
      },
      "/home/sindhuja.g/BOOK_REVIEW/book_review/app/models/book.rb": {
        "lines": [
          1,
          1,
          1,
          1,
          1,
          1,
          1,
          1,
          1,
          null,
          1,
          null,
          null,
          null,
          1,
          1,
          null,
          null,
          null,
          null,
          null,
          null,
          1,
          3,
          null,
          null,
          null,
          null,
          null,
          null,
          1,
          null,
          1,
          110,
          null,
          null,
          null,
          null
        ]
      },
      "/home/sindhuja.g/BOOK_REVIEW/book_review/app/models/concerns/ransackable.rb": {
        "lines": [
          1,
          1,
          null,
          1,
          6,
          6,
          null,
          null,
          1,
          1,
          0,
          null,
          null,
          1,
          0,
          null,
          null,
          null
        ]
      },
      "/home/sindhuja.g/BOOK_REVIEW/book_review/app/admin/dashboard.rb": {
        "lines": [
          null,
          1,
          1,
          null,
          1,
          0,
          0,
          0,
          0,
          null,
          null,
          null,
          null,
          null,
          null,
          null,
          null,
          null,
          null,
          null,
          null,
          null,
          null,
          null,
          null,
          null,
          null,
          null,
          null,
          null,
          null,
          null,
          null
        ]
      },
      "/home/sindhuja.g/BOOK_REVIEW/book_review/app/admin/genres.rb": {
        "lines": [
          1,
          1,
          null,
          1,
          1,
          1,
          null,
          1,
          0,
          0,
          0,
          0,
          0,
          null,
          null,
          1,
          1,
          null,
          1,
          0,
          0,
          null,
          0,
          null,
          null
        ]
      },
      "/home/sindhuja.g/BOOK_REVIEW/book_review/app/models/genre.rb": {
        "lines": [
          1,
          1,
          1,
          null,
          null,
          null
        ]
      },
      "/home/sindhuja.g/BOOK_REVIEW/book_review/app/admin/likes.rb": {
        "lines": [
          1,
          null,
          1,
          1,
          0,
          0,
          0,
          0,
          0,
          0,
          null,
          null,
          1,
          1,
          null,
          null,
          null,
          null
        ]
      },
      "/home/sindhuja.g/BOOK_REVIEW/book_review/app/models/like.rb": {
        "lines": [
          1,
          1,
          1,
          1,
          null,
          null,
          null,
          null,
          null
        ]
      },
      "/home/sindhuja.g/BOOK_REVIEW/book_review/app/admin/oauth_menu.rb": {
        "lines": [
          null,
          1,
          1,
          null
        ]
      },
      "/home/sindhuja.g/BOOK_REVIEW/book_review/app/admin/profiles.rb": {
        "lines": [
          1,
          null,
          1,
          1,
          0,
          0,
          0,
          0,
          0,
          0,
          null,
          null,
          null,
          1,
          null,
          null,
          null
        ]
      },
      "/home/sindhuja.g/BOOK_REVIEW/book_review/app/models/profile.rb": {
        "lines": [
          1,
          1,
          null,
          1,
          null,
          null
        ]
      },
      "/home/sindhuja.g/BOOK_REVIEW/book_review/app/admin/reviews.rb": {
        "lines": [
          1,
          1,
          null,
          null,
          1,
          null,
          1,
          null,
          1,
          0,
          0,
          0,
          0,
          0,
          0,
          0,
          null,
          null,
          null,
          null,
          1,
          1,
          1,
          null,
          null
        ]
      },
      "/home/sindhuja.g/BOOK_REVIEW/book_review/app/models/review.rb": {
        "lines": [
          1,
          1,
          1,
          1,
          null,
          1,
          null,
          null,
          2,
          null,
          1,
          null,
          null
        ]
      },
      "/home/sindhuja.g/BOOK_REVIEW/book_review/app/admin/users.rb": {
        "lines": [
          1,
          1,
          1,
          1,
          0,
          0,
          0,
          0,
          0,
          0,
          0,
          null,
          null,
          1,
          1,
          null,
          1,
          null,
          1,
          0,
          0,
          0,
          0,
          0,
          0,
          null,
          0,
          null,
          null,
          1,
          0,
          null,
          null,
          1,
          0,
          null,
          null,
          1,
          0,
          0,
          0,
          0,
          0,
          null,
          0,
          null,
          null
        ]
      },
      "/home/sindhuja.g/BOOK_REVIEW/book_review/app/models/user.rb": {
        "lines": [
          1,
          null,
          null,
          1,
          null,
          1,
          null,
          null,
          1,
          1,
          1,
          1,
          null,
          1,
          1,
          1,
          1,
          null,
          1,
          null,
          null,
          null,
          1,
          1,
          null,
          1,
          1,
          null,
          null,
          1,
          null,
          1,
          64,
          null,
          null,
          1,
          71,
          null,
          null,
          1,
          83,
          null,
          null,
          null,
          null
        ]
      },
      "/home/sindhuja.g/BOOK_REVIEW/book_review/app/controllers/api/v1/books_controller.rb": {
        "lines": [
          1,
          1,
          1,
          1,
          1,
          1,
          null,
          null,
          1,
          4,
          4,
          null,
          null,
          1,
          2,
          null,
          null,
          1,
          2,
          2,
          null,
          null,
          1,
          2,
          2,
          1,
          null,
          1,
          null,
          null,
          null,
          1,
          2,
          1,
          null,
          1,
          null,
          null,
          null,
          1,
          1,
          1,
          null,
          null,
          1,
          null,
          1,
          8,
          null,
          3,
          null,
          null,
          1,
          4,
          null,
          null,
          1,
          10,
          null,
          null,
          1,
          10,
          null,
          null,
          null,
          null
        ]
      },
      "/home/sindhuja.g/BOOK_REVIEW/book_review/app/channels/application_cable/channel.rb": {
        "lines": [
          0,
          0,
          0,
          0
        ],
        "branches": {}
      },
      "/home/sindhuja.g/BOOK_REVIEW/book_review/app/channels/application_cable/connection.rb": {
        "lines": [
          0,
          0,
          0,
          0
        ],
        "branches": {}
      },
      "/home/sindhuja.g/BOOK_REVIEW/book_review/app/controllers/admin/doorkeeper_controller_base.rb": {
        "lines": [
          0,
          0,
          0,
          0,
          0
        ],
        "branches": {}
      },
      "/home/sindhuja.g/BOOK_REVIEW/book_review/app/controllers/books_controller.rb": {
        "lines": [
          0,
          0,
          null,
          0,
          null,
          null,
          0,
          0,
          0,
          0,
          null,
          0,
          0,
          0,
          0,
          null,
          null,
          null,
          0,
          0,
          0,
          0,
          0,
          null,
          null,
          0,
          0,
          0,
          null,
          0,
          0,
          0,
          0,
          0,
          0,
          0,
          0,
          null,
          0,
          0,
          0,
          null,
          0,
          0,
          0,
          0,
          0,
          0,
          0,
          0,
          null,
          0,
          0,
          0,
          0,
          null,
          0,
          0,
          0,
          0,
          null,
          0
        ],
        "branches": {}
      },
      "/home/sindhuja.g/BOOK_REVIEW/book_review/app/controllers/genres_controller.rb": {
        "lines": [
          0,
          0,
          0,
          null,
          0,
          0,
          0,
          null,
          0,
          0,
          0,
          null,
          0,
          0,
          0,
          0,
          0,
          0,
          0,
          0,
          null,
          0,
          0,
          0,
          null,
          0,
          null,
          0,
          0,
          0,
          0
        ],
        "branches": {}
      },
      "/home/sindhuja.g/BOOK_REVIEW/book_review/app/controllers/likes_controller.rb": {
        "lines": [
          0,
          0,
          0,
          null,
          0,
          0,
          0,
          0,
          0,
          null,
          0,
          0,
          0,
          0,
          0,
          0,
          null,
          0,
          null,
          0,
          0,
          0,
          null,
          0,
          0,
          0,
          0,
          0,
          null,
          0
        ],
        "branches": {}
      },
      "/home/sindhuja.g/BOOK_REVIEW/book_review/app/controllers/profiles_controller.rb": {
        "lines": [
          0,
          0,
          null,
          null,
          0,
          0,
          0,
          0,
          null,
          0,
          0,
          0,
          0,
          0,
          0,
          null,
          0,
          0,
          0,
          0,
          0,
          0,
          0,
          0,
          null,
          0,
          0,
          0,
          0,
          0,
          null,
          0,
          null,
          0,
          0,
          0,
          0
        ],
        "branches": {}
      },
      "/home/sindhuja.g/BOOK_REVIEW/book_review/app/controllers/reviews_controller.rb": {
        "lines": [
          0,
          0,
          0,
          0,
          0,
          null,
          null,
          0,
          0,
          0,
          null,
          0,
          0,
          0,
          0,
          0,
          0,
          null,
          null,
          0,
          0,
          0,
          0,
          null,
          null,
          0,
          0,
          0,
          null,
          0,
          0,
          0,
          0,
          null,
          0,
          0,
          0,
          null,
          0,
          0,
          0,
          0,
          null,
          0,
          null,
          0,
          0,
          0,
          null,
          0,
          0,
          0,
          0,
          0,
          null,
          0,
          0,
          0,
          null,
          0,
          0,
          0,
          0,
          0,
          null,
          0
        ],
        "branches": {}
      },
      "/home/sindhuja.g/BOOK_REVIEW/book_review/app/controllers/wishlists_controller.rb": {
        "lines": [
          0,
          0,
          null,
          0,
          0,
          0,
          null,
          0,
          0,
          0,
          0,
          0,
          null,
          0,
          0,
          0,
          0,
          0,
          0
        ],
        "branches": {}
      },
      "/home/sindhuja.g/BOOK_REVIEW/book_review/app/jobs/application_job.rb": {
        "lines": [
          0,
          null,
          null,
          null,
          null,
          null,
          0
        ],
        "branches": {}
      },
      "/home/sindhuja.g/BOOK_REVIEW/book_review/app/mailers/application_mailer.rb": {
        "lines": [
          0,
          0,
          0,
          0
        ],
        "branches": {}
      }
    },
    "timestamp": 1751267575
  }
}
